INFO: 22-01-07 13:12:08: config_utils.py:75 ---------------- Infer Arguments ----------------
INFO: 22-01-07 13:12:08: config_utils.py:77 COMMON:
INFO: 22-01-07 13:12:08: config_utils.py:79     fps:25
INFO: 22-01-07 13:12:08: config_utils.py:79     use_gpu:False
INFO: 22-01-07 13:12:08: config_utils.py:79     label_dic:/home/work/inference/configs/index_label_football_8.json
INFO: 22-01-07 13:12:08: config_utils.py:79     PCM_ONLY:False
INFO: 22-01-07 13:12:08: config_utils.py:79     DEBUG:False
INFO: 22-01-07 13:12:08: config_utils.py:79     BMN_ONLY:False
INFO: 22-01-07 13:12:08: config_utils.py:79     LSTM_ONLY:False
INFO: 22-01-07 13:12:08: config_utils.py:77 PPTSM:
INFO: 22-01-07 13:12:08: config_utils.py:79     name:PPTSM
INFO: 22-01-07 13:12:08: config_utils.py:79     model_file:/home/work/inference/checkpoints/ppTSM/ppTSM.pdmodel
INFO: 22-01-07 13:12:08: config_utils.py:79     params_file:/home/work/inference/checkpoints/ppTSM/ppTSM.pdiparams
INFO: 22-01-07 13:12:08: config_utils.py:79     gpu_mem:8000
INFO: 22-01-07 13:12:08: config_utils.py:79     device_id:0
INFO: 22-01-07 13:12:08: config_utils.py:79     seg_num:8
INFO: 22-01-07 13:12:08: config_utils.py:79     seglen:1
INFO: 22-01-07 13:12:08: config_utils.py:79     short_size:256
INFO: 22-01-07 13:12:08: config_utils.py:79     target_size:224
INFO: 22-01-07 13:12:08: config_utils.py:79     batch_size:32
INFO: 22-01-07 13:12:08: config_utils.py:79     image_mean:[0.485, 0.456, 0.406]
INFO: 22-01-07 13:12:08: config_utils.py:79     image_std:[0.229, 0.224, 0.225]
INFO: 22-01-07 13:12:08: config_utils.py:79     reader_threads:12
INFO: 22-01-07 13:12:08: config_utils.py:79     buf_size:1024
INFO: 22-01-07 13:12:08: config_utils.py:77 AUDIO:
INFO: 22-01-07 13:12:08: config_utils.py:79     name:AUDIO
INFO: 22-01-07 13:12:08: config_utils.py:79     model_file:/home/work/inference/checkpoints/AUDIO/__model__
INFO: 22-01-07 13:12:08: config_utils.py:79     params_file:/home/work/inference/checkpoints/AUDIO/__param__
INFO: 22-01-07 13:12:08: config_utils.py:79     gpu_mem:8000
INFO: 22-01-07 13:12:08: config_utils.py:79     device_id:0
INFO: 22-01-07 13:12:08: config_utils.py:79     sample_rate:16000
INFO: 22-01-07 13:12:08: config_utils.py:79     batch_size:32
INFO: 22-01-07 13:12:08: config_utils.py:77 BMN:
INFO: 22-01-07 13:12:08: config_utils.py:79     name:BMN
INFO: 22-01-07 13:12:08: config_utils.py:79     model_file:inference/BMN/BMN.pdmodel
INFO: 22-01-07 13:12:08: config_utils.py:79     params_file:inference/BMN/BMN.pdiparams
INFO: 22-01-07 13:12:08: config_utils.py:79     gpu_mem:1000
INFO: 22-01-07 13:12:08: config_utils.py:79     device_id:0
INFO: 22-01-07 13:12:08: config_utils.py:79     window_step:250
INFO: 22-01-07 13:12:08: config_utils.py:79     tscale:250
INFO: 22-01-07 13:12:08: config_utils.py:79     dscale:250
INFO: 22-01-07 13:12:08: config_utils.py:79     batch_size:8
INFO: 22-01-07 13:12:08: config_utils.py:79     nms_thread:0.7
INFO: 22-01-07 13:12:08: config_utils.py:79     score_thread:0.03
INFO: 22-01-07 13:12:08: config_utils.py:77 ACTION:
INFO: 22-01-07 13:12:08: config_utils.py:79     name:ACTION
INFO: 22-01-07 13:12:08: config_utils.py:79     model_file:/home/work/inference/checkpoints/LSTM/__model__
INFO: 22-01-07 13:12:08: config_utils.py:79     params_file:/home/work/inference/checkpoints/LSTM/__param__
INFO: 22-01-07 13:12:08: config_utils.py:79     gpu_mem:8000
INFO: 22-01-07 13:12:08: config_utils.py:79     device_id:0
INFO: 22-01-07 13:12:08: config_utils.py:79     batch_size:32
INFO: 22-01-07 13:12:08: config_utils.py:79     topk:1
INFO: 22-01-07 13:12:08: config_utils.py:79     nms_thread:0.01
INFO: 22-01-07 13:12:08: config_utils.py:79     nms_offset:10
INFO: 22-01-07 13:12:08: config_utils.py:79     classify_score_thread:0.05
INFO: 22-01-07 13:12:08: config_utils.py:79     iou_score_thread:0.1
INFO: 22-01-07 13:12:08: config_utils.py:80 -------------------------------------------------
INFO: 22-01-07 13:14:00: config_utils.py:75 ---------------- Infer Arguments ----------------
INFO: 22-01-07 13:14:00: config_utils.py:77 COMMON:
INFO: 22-01-07 13:14:00: config_utils.py:79     fps:25
INFO: 22-01-07 13:14:00: config_utils.py:79     use_gpu:False
INFO: 22-01-07 13:14:00: config_utils.py:79     label_dic:/home/work/inference/configs/index_label_football_8.json
INFO: 22-01-07 13:14:00: config_utils.py:79     PCM_ONLY:False
INFO: 22-01-07 13:14:00: config_utils.py:79     DEBUG:False
INFO: 22-01-07 13:14:00: config_utils.py:79     BMN_ONLY:False
INFO: 22-01-07 13:14:00: config_utils.py:79     LSTM_ONLY:False
INFO: 22-01-07 13:14:00: config_utils.py:77 PPTSM:
INFO: 22-01-07 13:14:00: config_utils.py:79     name:PPTSM
INFO: 22-01-07 13:14:00: config_utils.py:79     model_file:/home/work/inference/checkpoints/ppTSM/ppTSM.pdmodel
INFO: 22-01-07 13:14:00: config_utils.py:79     params_file:/home/work/inference/checkpoints/ppTSM/ppTSM.pdiparams
INFO: 22-01-07 13:14:00: config_utils.py:79     gpu_mem:8000
INFO: 22-01-07 13:14:00: config_utils.py:79     device_id:0
INFO: 22-01-07 13:14:00: config_utils.py:79     seg_num:8
INFO: 22-01-07 13:14:00: config_utils.py:79     seglen:1
INFO: 22-01-07 13:14:00: config_utils.py:79     short_size:256
INFO: 22-01-07 13:14:00: config_utils.py:79     target_size:224
INFO: 22-01-07 13:14:00: config_utils.py:79     batch_size:32
INFO: 22-01-07 13:14:00: config_utils.py:79     image_mean:[0.485, 0.456, 0.406]
INFO: 22-01-07 13:14:00: config_utils.py:79     image_std:[0.229, 0.224, 0.225]
INFO: 22-01-07 13:14:00: config_utils.py:79     reader_threads:12
INFO: 22-01-07 13:14:00: config_utils.py:79     buf_size:1024
INFO: 22-01-07 13:14:00: config_utils.py:77 AUDIO:
INFO: 22-01-07 13:14:00: config_utils.py:79     name:AUDIO
INFO: 22-01-07 13:14:00: config_utils.py:79     model_file:/home/work/inference/checkpoints/AUDIO/__model__
INFO: 22-01-07 13:14:00: config_utils.py:79     params_file:/home/work/inference/checkpoints/AUDIO/__param__
INFO: 22-01-07 13:14:00: config_utils.py:79     gpu_mem:8000
INFO: 22-01-07 13:14:00: config_utils.py:79     device_id:0
INFO: 22-01-07 13:14:00: config_utils.py:79     sample_rate:16000
INFO: 22-01-07 13:14:00: config_utils.py:79     batch_size:32
INFO: 22-01-07 13:14:00: config_utils.py:77 BMN:
INFO: 22-01-07 13:14:00: config_utils.py:79     name:BMN
INFO: 22-01-07 13:14:00: config_utils.py:79     model_file:inference/BMN/BMN.pdmodel
INFO: 22-01-07 13:14:00: config_utils.py:79     params_file:inference/BMN/BMN.pdiparams
INFO: 22-01-07 13:14:00: config_utils.py:79     gpu_mem:1000
INFO: 22-01-07 13:14:00: config_utils.py:79     device_id:0
INFO: 22-01-07 13:14:00: config_utils.py:79     window_step:250
INFO: 22-01-07 13:14:00: config_utils.py:79     tscale:250
INFO: 22-01-07 13:14:00: config_utils.py:79     dscale:250
INFO: 22-01-07 13:14:00: config_utils.py:79     batch_size:8
INFO: 22-01-07 13:14:00: config_utils.py:79     nms_thread:0.7
INFO: 22-01-07 13:14:00: config_utils.py:79     score_thread:0.03
INFO: 22-01-07 13:14:00: config_utils.py:77 ACTION:
INFO: 22-01-07 13:14:00: config_utils.py:79     name:ACTION
INFO: 22-01-07 13:14:00: config_utils.py:79     model_file:/home/work/inference/checkpoints/LSTM/__model__
INFO: 22-01-07 13:14:00: config_utils.py:79     params_file:/home/work/inference/checkpoints/LSTM/__param__
INFO: 22-01-07 13:14:00: config_utils.py:79     gpu_mem:8000
INFO: 22-01-07 13:14:00: config_utils.py:79     device_id:0
INFO: 22-01-07 13:14:00: config_utils.py:79     batch_size:32
INFO: 22-01-07 13:14:00: config_utils.py:79     topk:1
INFO: 22-01-07 13:14:00: config_utils.py:79     nms_thread:0.01
INFO: 22-01-07 13:14:00: config_utils.py:79     nms_offset:10
INFO: 22-01-07 13:14:00: config_utils.py:79     classify_score_thread:0.05
INFO: 22-01-07 13:14:00: config_utils.py:79     iou_score_thread:0.1
INFO: 22-01-07 13:14:00: config_utils.py:80 -------------------------------------------------
INFO: 22-01-07 13:15:28: config_utils.py:75 ---------------- Infer Arguments ----------------
INFO: 22-01-07 13:15:28: config_utils.py:77 COMMON:
INFO: 22-01-07 13:15:28: config_utils.py:79     fps:25
INFO: 22-01-07 13:15:28: config_utils.py:79     use_gpu:False
INFO: 22-01-07 13:15:28: config_utils.py:79     label_dic:/home/work/inference/configs/index_label_football_8.json
INFO: 22-01-07 13:15:28: config_utils.py:79     PCM_ONLY:False
INFO: 22-01-07 13:15:28: config_utils.py:79     DEBUG:False
INFO: 22-01-07 13:15:28: config_utils.py:79     BMN_ONLY:False
INFO: 22-01-07 13:15:28: config_utils.py:79     LSTM_ONLY:False
INFO: 22-01-07 13:15:28: config_utils.py:77 PPTSM:
INFO: 22-01-07 13:15:28: config_utils.py:79     name:PPTSM
INFO: 22-01-07 13:15:28: config_utils.py:79     model_file:/home/work/inference/checkpoints/ppTSM/ppTSM.pdmodel
INFO: 22-01-07 13:15:28: config_utils.py:79     params_file:/home/work/inference/checkpoints/ppTSM/ppTSM.pdiparams
INFO: 22-01-07 13:15:28: config_utils.py:79     gpu_mem:8000
INFO: 22-01-07 13:15:28: config_utils.py:79     device_id:0
INFO: 22-01-07 13:15:28: config_utils.py:79     seg_num:8
INFO: 22-01-07 13:15:28: config_utils.py:79     seglen:1
INFO: 22-01-07 13:15:28: config_utils.py:79     short_size:256
INFO: 22-01-07 13:15:28: config_utils.py:79     target_size:224
INFO: 22-01-07 13:15:28: config_utils.py:79     batch_size:32
INFO: 22-01-07 13:15:28: config_utils.py:79     image_mean:[0.485, 0.456, 0.406]
INFO: 22-01-07 13:15:28: config_utils.py:79     image_std:[0.229, 0.224, 0.225]
INFO: 22-01-07 13:15:28: config_utils.py:79     reader_threads:12
INFO: 22-01-07 13:15:28: config_utils.py:79     buf_size:1024
INFO: 22-01-07 13:15:28: config_utils.py:77 AUDIO:
INFO: 22-01-07 13:15:28: config_utils.py:79     name:AUDIO
INFO: 22-01-07 13:15:28: config_utils.py:79     model_file:/home/work/inference/checkpoints/AUDIO/__model__
INFO: 22-01-07 13:15:28: config_utils.py:79     params_file:/home/work/inference/checkpoints/AUDIO/__param__
INFO: 22-01-07 13:15:28: config_utils.py:79     gpu_mem:8000
INFO: 22-01-07 13:15:28: config_utils.py:79     device_id:0
INFO: 22-01-07 13:15:28: config_utils.py:79     sample_rate:16000
INFO: 22-01-07 13:15:28: config_utils.py:79     batch_size:32
INFO: 22-01-07 13:15:28: config_utils.py:77 BMN:
INFO: 22-01-07 13:15:28: config_utils.py:79     name:BMN
INFO: 22-01-07 13:15:28: config_utils.py:79     model_file:inference/BMN/BMN.pdmodel
INFO: 22-01-07 13:15:28: config_utils.py:79     params_file:inference/BMN/BMN.pdiparams
INFO: 22-01-07 13:15:28: config_utils.py:79     gpu_mem:1000
INFO: 22-01-07 13:15:28: config_utils.py:79     device_id:0
INFO: 22-01-07 13:15:28: config_utils.py:79     window_step:250
INFO: 22-01-07 13:15:28: config_utils.py:79     tscale:250
INFO: 22-01-07 13:15:28: config_utils.py:79     dscale:250
INFO: 22-01-07 13:15:28: config_utils.py:79     batch_size:8
INFO: 22-01-07 13:15:28: config_utils.py:79     nms_thread:0.7
INFO: 22-01-07 13:15:28: config_utils.py:79     score_thread:0.03
INFO: 22-01-07 13:15:28: config_utils.py:77 ACTION:
INFO: 22-01-07 13:15:28: config_utils.py:79     name:ACTION
INFO: 22-01-07 13:15:28: config_utils.py:79     model_file:/home/work/inference/checkpoints/LSTM/__model__
INFO: 22-01-07 13:15:28: config_utils.py:79     params_file:/home/work/inference/checkpoints/LSTM/__param__
INFO: 22-01-07 13:15:28: config_utils.py:79     gpu_mem:8000
INFO: 22-01-07 13:15:28: config_utils.py:79     device_id:0
INFO: 22-01-07 13:15:28: config_utils.py:79     batch_size:32
INFO: 22-01-07 13:15:28: config_utils.py:79     topk:1
INFO: 22-01-07 13:15:28: config_utils.py:79     nms_thread:0.01
INFO: 22-01-07 13:15:28: config_utils.py:79     nms_offset:10
INFO: 22-01-07 13:15:28: config_utils.py:79     classify_score_thread:0.05
INFO: 22-01-07 13:15:28: config_utils.py:79     iou_score_thread:0.1
INFO: 22-01-07 13:15:28: config_utils.py:80 -------------------------------------------------
INFO: 22-01-07 19:39:48: config_utils.py:75 ---------------- Infer Arguments ----------------
INFO: 22-01-07 19:39:48: config_utils.py:77 COMMON:
INFO: 22-01-07 19:39:48: config_utils.py:79     fps:25
INFO: 22-01-07 19:39:48: config_utils.py:79     use_gpu:False
INFO: 22-01-07 19:39:48: config_utils.py:79     label_dic:/home/work/inference/configs/index_label_football_8.json
INFO: 22-01-07 19:39:48: config_utils.py:79     PCM_ONLY:False
INFO: 22-01-07 19:39:48: config_utils.py:79     DEBUG:False
INFO: 22-01-07 19:39:48: config_utils.py:79     BMN_ONLY:False
INFO: 22-01-07 19:39:48: config_utils.py:79     LSTM_ONLY:False
INFO: 22-01-07 19:39:48: config_utils.py:77 PPTSM:
INFO: 22-01-07 19:39:48: config_utils.py:79     name:PPTSM
INFO: 22-01-07 19:39:48: config_utils.py:79     model_file:/home/work/inference/checkpoints/ppTSM/ppTSM.pdmodel
INFO: 22-01-07 19:39:48: config_utils.py:79     params_file:/home/work/inference/checkpoints/ppTSM/ppTSM.pdiparams
INFO: 22-01-07 19:39:48: config_utils.py:79     gpu_mem:8000
INFO: 22-01-07 19:39:48: config_utils.py:79     device_id:0
INFO: 22-01-07 19:39:48: config_utils.py:79     seg_num:8
INFO: 22-01-07 19:39:48: config_utils.py:79     seglen:1
INFO: 22-01-07 19:39:48: config_utils.py:79     short_size:256
INFO: 22-01-07 19:39:48: config_utils.py:79     target_size:224
INFO: 22-01-07 19:39:48: config_utils.py:79     batch_size:32
INFO: 22-01-07 19:39:48: config_utils.py:79     image_mean:[0.485, 0.456, 0.406]
INFO: 22-01-07 19:39:48: config_utils.py:79     image_std:[0.229, 0.224, 0.225]
INFO: 22-01-07 19:39:48: config_utils.py:79     reader_threads:12
INFO: 22-01-07 19:39:48: config_utils.py:79     buf_size:1024
INFO: 22-01-07 19:39:48: config_utils.py:77 AUDIO:
INFO: 22-01-07 19:39:48: config_utils.py:79     name:AUDIO
INFO: 22-01-07 19:39:48: config_utils.py:79     model_file:/home/work/inference/checkpoints/AUDIO/__model__
INFO: 22-01-07 19:39:48: config_utils.py:79     params_file:/home/work/inference/checkpoints/AUDIO/__param__
INFO: 22-01-07 19:39:48: config_utils.py:79     gpu_mem:8000
INFO: 22-01-07 19:39:48: config_utils.py:79     device_id:0
INFO: 22-01-07 19:39:48: config_utils.py:79     sample_rate:16000
INFO: 22-01-07 19:39:48: config_utils.py:79     batch_size:32
INFO: 22-01-07 19:39:48: config_utils.py:77 BMN:
INFO: 22-01-07 19:39:48: config_utils.py:79     name:BMN
INFO: 22-01-07 19:39:48: config_utils.py:79     model_file:inference/BMN/BMN.pdmodel
INFO: 22-01-07 19:39:48: config_utils.py:79     params_file:inference/BMN/BMN.pdiparams
INFO: 22-01-07 19:39:48: config_utils.py:79     gpu_mem:1000
INFO: 22-01-07 19:39:48: config_utils.py:79     device_id:0
INFO: 22-01-07 19:39:48: config_utils.py:79     window_step:250
INFO: 22-01-07 19:39:48: config_utils.py:79     tscale:250
INFO: 22-01-07 19:39:48: config_utils.py:79     dscale:250
INFO: 22-01-07 19:39:48: config_utils.py:79     batch_size:8
INFO: 22-01-07 19:39:48: config_utils.py:79     nms_thread:0.7
INFO: 22-01-07 19:39:48: config_utils.py:79     score_thread:0.03
INFO: 22-01-07 19:39:48: config_utils.py:77 ACTION:
INFO: 22-01-07 19:39:48: config_utils.py:79     name:ACTION
INFO: 22-01-07 19:39:48: config_utils.py:79     model_file:/home/work/inference/checkpoints/LSTM/__model__
INFO: 22-01-07 19:39:48: config_utils.py:79     params_file:/home/work/inference/checkpoints/LSTM/__param__
INFO: 22-01-07 19:39:48: config_utils.py:79     gpu_mem:8000
INFO: 22-01-07 19:39:48: config_utils.py:79     device_id:0
INFO: 22-01-07 19:39:48: config_utils.py:79     batch_size:32
INFO: 22-01-07 19:39:48: config_utils.py:79     topk:1
INFO: 22-01-07 19:39:48: config_utils.py:79     nms_thread:0.01
INFO: 22-01-07 19:39:48: config_utils.py:79     nms_offset:10
INFO: 22-01-07 19:39:48: config_utils.py:79     classify_score_thread:0.05
INFO: 22-01-07 19:39:48: config_utils.py:79     iou_score_thread:0.1
INFO: 22-01-07 19:39:48: config_utils.py:80 -------------------------------------------------
INFO: 22-01-07 19:40:51: config_utils.py:75 ---------------- Infer Arguments ----------------
INFO: 22-01-07 19:40:51: config_utils.py:77 COMMON:
INFO: 22-01-07 19:40:51: config_utils.py:79     fps:25
INFO: 22-01-07 19:40:51: config_utils.py:79     use_gpu:False
INFO: 22-01-07 19:40:51: config_utils.py:79     label_dic:/home/work/inference/configs/index_label_football_8.json
INFO: 22-01-07 19:40:51: config_utils.py:79     PCM_ONLY:False
INFO: 22-01-07 19:40:51: config_utils.py:79     DEBUG:False
INFO: 22-01-07 19:40:51: config_utils.py:79     BMN_ONLY:False
INFO: 22-01-07 19:40:51: config_utils.py:79     LSTM_ONLY:False
INFO: 22-01-07 19:40:51: config_utils.py:77 PPTSM:
INFO: 22-01-07 19:40:51: config_utils.py:79     name:PPTSM
INFO: 22-01-07 19:40:51: config_utils.py:79     model_file:/home/work/inference/checkpoints/ppTSM/ppTSM.pdmodel
INFO: 22-01-07 19:40:51: config_utils.py:79     params_file:/home/work/inference/checkpoints/ppTSM/ppTSM.pdiparams
INFO: 22-01-07 19:40:51: config_utils.py:79     gpu_mem:8000
INFO: 22-01-07 19:40:51: config_utils.py:79     device_id:0
INFO: 22-01-07 19:40:51: config_utils.py:79     seg_num:8
INFO: 22-01-07 19:40:51: config_utils.py:79     seglen:1
INFO: 22-01-07 19:40:51: config_utils.py:79     short_size:256
INFO: 22-01-07 19:40:51: config_utils.py:79     target_size:224
INFO: 22-01-07 19:40:51: config_utils.py:79     batch_size:32
INFO: 22-01-07 19:40:51: config_utils.py:79     image_mean:[0.485, 0.456, 0.406]
INFO: 22-01-07 19:40:51: config_utils.py:79     image_std:[0.229, 0.224, 0.225]
INFO: 22-01-07 19:40:51: config_utils.py:79     reader_threads:12
INFO: 22-01-07 19:40:51: config_utils.py:79     buf_size:1024
INFO: 22-01-07 19:40:51: config_utils.py:77 AUDIO:
INFO: 22-01-07 19:40:51: config_utils.py:79     name:AUDIO
INFO: 22-01-07 19:40:51: config_utils.py:79     model_file:/home/work/inference/checkpoints/AUDIO/__model__
INFO: 22-01-07 19:40:51: config_utils.py:79     params_file:/home/work/inference/checkpoints/AUDIO/__param__
INFO: 22-01-07 19:40:51: config_utils.py:79     gpu_mem:8000
INFO: 22-01-07 19:40:51: config_utils.py:79     device_id:0
INFO: 22-01-07 19:40:51: config_utils.py:79     sample_rate:16000
INFO: 22-01-07 19:40:51: config_utils.py:79     batch_size:32
INFO: 22-01-07 19:40:51: config_utils.py:77 BMN:
INFO: 22-01-07 19:40:51: config_utils.py:79     name:BMN
INFO: 22-01-07 19:40:51: config_utils.py:79     model_file:inference/BMN/BMN.pdmodel
INFO: 22-01-07 19:40:51: config_utils.py:79     params_file:inference/BMN/BMN.pdiparams
INFO: 22-01-07 19:40:51: config_utils.py:79     gpu_mem:1000
INFO: 22-01-07 19:40:51: config_utils.py:79     device_id:0
INFO: 22-01-07 19:40:51: config_utils.py:79     window_step:100
INFO: 22-01-07 19:40:51: config_utils.py:79     tscale:100
INFO: 22-01-07 19:40:51: config_utils.py:79     dscale:100
INFO: 22-01-07 19:40:51: config_utils.py:79     batch_size:8
INFO: 22-01-07 19:40:51: config_utils.py:79     nms_thread:0.7
INFO: 22-01-07 19:40:51: config_utils.py:79     score_thread:0.03
INFO: 22-01-07 19:40:51: config_utils.py:77 ACTION:
INFO: 22-01-07 19:40:51: config_utils.py:79     name:ACTION
INFO: 22-01-07 19:40:51: config_utils.py:79     model_file:/home/work/inference/checkpoints/LSTM/__model__
INFO: 22-01-07 19:40:51: config_utils.py:79     params_file:/home/work/inference/checkpoints/LSTM/__param__
INFO: 22-01-07 19:40:51: config_utils.py:79     gpu_mem:8000
INFO: 22-01-07 19:40:51: config_utils.py:79     device_id:0
INFO: 22-01-07 19:40:51: config_utils.py:79     batch_size:32
INFO: 22-01-07 19:40:51: config_utils.py:79     topk:1
INFO: 22-01-07 19:40:51: config_utils.py:79     nms_thread:0.01
INFO: 22-01-07 19:40:51: config_utils.py:79     nms_offset:10
INFO: 22-01-07 19:40:51: config_utils.py:79     classify_score_thread:0.05
INFO: 22-01-07 19:40:51: config_utils.py:79     iou_score_thread:0.1
INFO: 22-01-07 19:40:51: config_utils.py:80 -------------------------------------------------
INFO: 22-01-07 19:43:46: config_utils.py:75 ---------------- Infer Arguments ----------------
INFO: 22-01-07 19:43:46: config_utils.py:77 COMMON:
INFO: 22-01-07 19:43:46: config_utils.py:79     fps:25
INFO: 22-01-07 19:43:46: config_utils.py:79     use_gpu:False
INFO: 22-01-07 19:43:46: config_utils.py:79     label_dic:/home/work/inference/configs/index_label_football_8.json
INFO: 22-01-07 19:43:46: config_utils.py:79     PCM_ONLY:False
INFO: 22-01-07 19:43:46: config_utils.py:79     DEBUG:False
INFO: 22-01-07 19:43:46: config_utils.py:79     BMN_ONLY:False
INFO: 22-01-07 19:43:46: config_utils.py:79     LSTM_ONLY:False
INFO: 22-01-07 19:43:46: config_utils.py:77 PPTSM:
INFO: 22-01-07 19:43:46: config_utils.py:79     name:PPTSM
INFO: 22-01-07 19:43:46: config_utils.py:79     model_file:/home/work/inference/checkpoints/ppTSM/ppTSM.pdmodel
INFO: 22-01-07 19:43:46: config_utils.py:79     params_file:/home/work/inference/checkpoints/ppTSM/ppTSM.pdiparams
INFO: 22-01-07 19:43:46: config_utils.py:79     gpu_mem:8000
INFO: 22-01-07 19:43:46: config_utils.py:79     device_id:0
INFO: 22-01-07 19:43:46: config_utils.py:79     seg_num:8
INFO: 22-01-07 19:43:46: config_utils.py:79     seglen:1
INFO: 22-01-07 19:43:46: config_utils.py:79     short_size:256
INFO: 22-01-07 19:43:46: config_utils.py:79     target_size:224
INFO: 22-01-07 19:43:46: config_utils.py:79     batch_size:32
INFO: 22-01-07 19:43:46: config_utils.py:79     image_mean:[0.485, 0.456, 0.406]
INFO: 22-01-07 19:43:46: config_utils.py:79     image_std:[0.229, 0.224, 0.225]
INFO: 22-01-07 19:43:46: config_utils.py:79     reader_threads:12
INFO: 22-01-07 19:43:46: config_utils.py:79     buf_size:1024
INFO: 22-01-07 19:43:46: config_utils.py:77 AUDIO:
INFO: 22-01-07 19:43:46: config_utils.py:79     name:AUDIO
INFO: 22-01-07 19:43:46: config_utils.py:79     model_file:/home/work/inference/checkpoints/AUDIO/__model__
INFO: 22-01-07 19:43:46: config_utils.py:79     params_file:/home/work/inference/checkpoints/AUDIO/__param__
INFO: 22-01-07 19:43:46: config_utils.py:79     gpu_mem:8000
INFO: 22-01-07 19:43:46: config_utils.py:79     device_id:0
INFO: 22-01-07 19:43:46: config_utils.py:79     sample_rate:16000
INFO: 22-01-07 19:43:46: config_utils.py:79     batch_size:32
INFO: 22-01-07 19:43:46: config_utils.py:77 BMN:
INFO: 22-01-07 19:43:46: config_utils.py:79     name:BMN
INFO: 22-01-07 19:43:46: config_utils.py:79     model_file:inference/BMN/BMN.pdmodel
INFO: 22-01-07 19:43:46: config_utils.py:79     params_file:inference/BMN/BMN.pdiparams
INFO: 22-01-07 19:43:46: config_utils.py:79     gpu_mem:1000
INFO: 22-01-07 19:43:46: config_utils.py:79     device_id:0
INFO: 22-01-07 19:43:46: config_utils.py:79     window_step:100
INFO: 22-01-07 19:43:46: config_utils.py:79     tscale:100
INFO: 22-01-07 19:43:46: config_utils.py:79     dscale:100
INFO: 22-01-07 19:43:46: config_utils.py:79     batch_size:8
INFO: 22-01-07 19:43:46: config_utils.py:79     nms_thread:0.7
INFO: 22-01-07 19:43:46: config_utils.py:79     score_thread:0.03
INFO: 22-01-07 19:43:46: config_utils.py:77 ACTION:
INFO: 22-01-07 19:43:46: config_utils.py:79     name:ACTION
INFO: 22-01-07 19:43:46: config_utils.py:79     model_file:/home/work/inference/checkpoints/LSTM/__model__
INFO: 22-01-07 19:43:46: config_utils.py:79     params_file:/home/work/inference/checkpoints/LSTM/__param__
INFO: 22-01-07 19:43:46: config_utils.py:79     gpu_mem:8000
INFO: 22-01-07 19:43:46: config_utils.py:79     device_id:0
INFO: 22-01-07 19:43:46: config_utils.py:79     batch_size:32
INFO: 22-01-07 19:43:46: config_utils.py:79     topk:1
INFO: 22-01-07 19:43:46: config_utils.py:79     nms_thread:0.01
INFO: 22-01-07 19:43:46: config_utils.py:79     nms_offset:10
INFO: 22-01-07 19:43:46: config_utils.py:79     classify_score_thread:0.05
INFO: 22-01-07 19:43:46: config_utils.py:79     iou_score_thread:0.1
INFO: 22-01-07 19:43:46: config_utils.py:80 -------------------------------------------------
